\BOOKMARK [1][]{section.1}{\376\377\000I\000n\000t\000r\000o\000d\000u\000c\000t\000i\000o\000n}{}% 1
\BOOKMARK [2][]{subsection.1.1}{\376\377\000E\000n\000e\000r\000g\000y\000\040\000A\000l\000l\000o\000c\000a\000t\000i\000o\000n\000\040\000a\000n\000d\000\040\000G\000r\000o\000u\000p\000\040\000A\000s\000s\000i\000g\000n\000m\000e\000n\000t}{section.1}% 2
\BOOKMARK [2][]{subsection.1.2}{\376\377\000S\000e\000s\000s\000i\000o\000n\000\040\000T\000i\000m\000e\000\040\000a\000n\000d\000\040\000C\000h\000a\000r\000g\000e\000r\000\040\000A\000s\000s\000i\000g\000n\000m\000e\000n\000t}{section.1}% 3
\BOOKMARK [2][]{subsection.1.3}{\376\377\000F\000i\000n\000a\000l\000\040\000O\000p\000t\000i\000m\000i\000z\000a\000t\000i\000o\000n}{section.1}% 4
\BOOKMARK [1][]{section.2}{\376\377\000P\0001\000:\000\040\000U\000n\000c\000o\000n\000s\000t\000r\000a\000i\000n\000e\000d\000\040\000S\000c\000h\000e\000d\000u\000l\000e\000\040}{}% 5
\BOOKMARK [2][]{subsection.2.1}{\376\377\000F\000o\000r\000m\000u\000l\000a\000t\000i\000o\000n\000\040}{section.2}% 6
\BOOKMARK [2][]{subsection.2.2}{\376\377\000B\000a\000t\000t\000e\000r\000y}{section.2}% 7
\BOOKMARK [2][]{subsection.2.3}{\376\377\000C\000u\000m\000u\000l\000a\000t\000i\000v\000e\000\040\000L\000o\000a\000d\000\040\000M\000a\000n\000a\000g\000e\000m\000e\000n\000t}{section.2}% 8
\BOOKMARK [2][]{subsection.2.4}{\376\377\000O\000b\000j\000e\000c\000t\000i\000v\000e}{section.2}% 9
\BOOKMARK [1][]{section.3}{\376\377\000P\0002\000:\000\040\000U\000n\000c\000o\000n\000s\000t\000r\000a\000i\000n\000e\000d\000\040\000S\000m\000o\000o\000t\000h\000\040\000S\000c\000h\000e\000d\000u\000l\000e\000\040}{}% 10
\BOOKMARK [1][]{section.4}{\376\377\000P\0003\000:\000\040\000G\000r\000o\000u\000p\000\040\000A\000s\000s\000i\000g\000n\000m\000e\000n\000t}{}% 11
\BOOKMARK [1][]{section.5}{\376\377\000P\0004\000:\000\040\000D\000e\000f\000r\000a\000g\000m\000e\000n\000t\000a\000t\000i\000o\000n}{}% 12
\BOOKMARK [1][]{section.6}{\376\377\000P\0005\000:\000\040\000C\000h\000a\000r\000g\000e\000r\000\040\000A\000s\000s\000i\000g\000n\000m\000e\000n\000t}{}% 13
\BOOKMARK [1][]{section.7}{\376\377\000P\0006\000:\000\040\000O\000p\000t\000i\000m\000i\000z\000i\000n\000g\000\040\000C\000h\000a\000r\000g\000e\000\040\000S\000c\000h\000e\000d\000u\000l\000e\000s}{}% 14
\BOOKMARK [1][]{section.8}{\376\377\000P\0007\000:\000\040\000C\000o\000n\000s\000t\000r\000a\000i\000n\000e\000d\000\040\000S\000c\000h\000e\000d\000u\000l\000e}{}% 15
\BOOKMARK [1][]{section.9}{\376\377\000P\0008\000:\000\040\000C\000o\000n\000s\000t\000r\000a\000i\000n\000e\000d\000\040\000S\000m\000o\000o\000t\000h\000\040\000S\000c\000h\000e\000d\000u\000l\000e}{}% 16
\BOOKMARK [1][]{section.10}{\376\377\000R\000e\000s\000u\000l\000t\000s}{}% 17
\BOOKMARK [2][]{subsection.10.1}{\376\377\000O\000v\000e\000r\000a\000l\000l\000\040\000P\000e\000r\000f\000o\000r\000m\000a\000n\000c\000e}{section.10}% 18
\BOOKMARK [2][]{subsection.10.2}{\376\377\000O\000p\000t\000i\000m\000a\000l\000i\000t\000y\000\040\000G\000a\000p\000\040\000a\000n\000d\000\040\000C\000o\000n\000t\000e\000n\000t\000i\000o\000n\000\040\000T\000r\000a\000d\000e\000-\000O\000f\000f}{section.10}% 19
\BOOKMARK [2][]{subsection.10.3}{\376\377\000C\000o\000n\000t\000e\000n\000t\000i\000o\000n\000:\000\040\000S\000u\000b\000-\000O\000p\000t\000i\000m\000a\000l\000\040\000S\000c\000h\000e\000d\000u\000l\000e\000s}{section.10}% 20
\BOOKMARK [2][]{subsection.10.4}{\376\377\000T\000h\000e\000\040\000I\000m\000p\000o\000r\000t\000a\000n\000c\000e\000\040\000o\000f\000\040\000G\000r\000o\000u\000p\000s}{section.10}% 21
\BOOKMARK [2][]{subsection.10.5}{\376\377\000E\000f\000f\000e\000c\000t\000s\000\040\000o\000f\000\040\000D\000e\000-\000F\000r\000a\000g\000m\000e\000n\000t\000a\000t\000i\000o\000n}{section.10}% 22
\BOOKMARK [2][]{subsection.10.6}{\376\377\000S\000c\000a\000l\000a\000b\000i\000l\000i\000t\000y}{section.10}% 23
\BOOKMARK [1][]{section.11}{\376\377\000C\000o\000n\000c\000l\000u\000s\000i\000o\000n\000s}{}% 24
\BOOKMARK [1][]{section.12}{\376\377\000R\000e\000f\000e\000r\000e\000n\000c\000e\000s\000s}{}% 25
